Sat Aug 22 20:22:31 ART 2020 Thread[main,5,main] Cleanup action starting
ERROR XBM0A: The database directory '/home/federico/eclipse-workspace/JDBCBasico/MyDerbyDb' exists. However, it does not contain the expected 'service.properties' file. Perhaps Derby was brought down in the middle of creating this database. You may want to delete this directory and try creating the database again.
	at org.apache.derby.shared.common.error.StandardException.newException(StandardException.java:300)
	at org.apache.derby.shared.common.error.StandardException.newException(StandardException.java:295)
	at org.apache.derby.impl.services.monitor.StorageFactoryService.vetService(StorageFactoryService.java:879)
	at org.apache.derby.impl.services.monitor.StorageFactoryService.access$900(StorageFactoryService.java:73)
	at org.apache.derby.impl.services.monitor.StorageFactoryService$10.run(StorageFactoryService.java:821)
	at java.base/java.security.AccessController.doPrivileged(Native Method)
	at org.apache.derby.impl.services.monitor.StorageFactoryService.createServiceRoot(StorageFactoryService.java:798)
	at org.apache.derby.impl.services.monitor.BaseMonitor.bootService(BaseMonitor.java:1754)
	at org.apache.derby.impl.services.monitor.BaseMonitor.createPersistentService(BaseMonitor.java:1022)
	at org.apache.derby.impl.services.monitor.FileMonitor.createPersistentService(FileMonitor.java:48)
	at org.apache.derby.iapi.services.monitor.Monitor.createPersistentService(Monitor.java:650)
	at org.apache.derby.impl.jdbc.EmbedConnection$5.run(EmbedConnection.java:4067)
	at java.base/java.security.AccessController.doPrivileged(Native Method)
	at org.apache.derby.impl.jdbc.EmbedConnection.createPersistentService(EmbedConnection.java:4061)
	at org.apache.derby.impl.jdbc.EmbedConnection.createDatabase(EmbedConnection.java:2654)
	at org.apache.derby.impl.jdbc.EmbedConnection.<init>(EmbedConnection.java:435)
	at org.apache.derby.iapi.jdbc.InternalDriver$1.run(InternalDriver.java:660)
	at org.apache.derby.iapi.jdbc.InternalDriver$1.run(InternalDriver.java:656)
	at java.base/java.security.AccessController.doPrivileged(Native Method)
	at org.apache.derby.iapi.jdbc.InternalDriver.getNewEmbedConnection(InternalDriver.java:654)
	at org.apache.derby.iapi.jdbc.InternalDriver.connect(InternalDriver.java:300)
	at org.apache.derby.iapi.jdbc.InternalDriver.connect(InternalDriver.java:967)
	at org.apache.derby.iapi.jdbc.AutoloadedDriver.connect(AutoloadedDriver.java:136)
	at java.sql/java.sql.DriverManager.getConnection(DriverManager.java:677)
	at java.sql/java.sql.DriverManager.getConnection(DriverManager.java:251)
	at arqui.web.BaseDeDatos.main(BaseDeDatos.java:45)
Cleanup action completed
Sat Aug 22 20:22:31 ART 2020 Thread[main,5,main] Cleanup action starting
java.sql.SQLException: Failed to create database 'MyDerbyDb', see the next exception for details.
	at org.apache.derby.impl.jdbc.SQLExceptionFactory.getSQLException(SQLExceptionFactory.java:115)
	at org.apache.derby.impl.jdbc.SQLExceptionFactory.getSQLException(SQLExceptionFactory.java:141)
	at org.apache.derby.impl.jdbc.Util.seeNextException(Util.java:252)
	at org.apache.derby.impl.jdbc.EmbedConnection.createDatabase(EmbedConnection.java:2661)
	at org.apache.derby.impl.jdbc.EmbedConnection.<init>(EmbedConnection.java:435)
	at org.apache.derby.iapi.jdbc.InternalDriver$1.run(InternalDriver.java:660)
	at org.apache.derby.iapi.jdbc.InternalDriver$1.run(InternalDriver.java:656)
	at java.base/java.security.AccessController.doPrivileged(Native Method)
	at org.apache.derby.iapi.jdbc.InternalDriver.getNewEmbedConnection(InternalDriver.java:654)
	at org.apache.derby.iapi.jdbc.InternalDriver.connect(InternalDriver.java:300)
	at org.apache.derby.iapi.jdbc.InternalDriver.connect(InternalDriver.java:967)
	at org.apache.derby.iapi.jdbc.AutoloadedDriver.connect(AutoloadedDriver.java:136)
	at java.sql/java.sql.DriverManager.getConnection(DriverManager.java:677)
	at java.sql/java.sql.DriverManager.getConnection(DriverManager.java:251)
	at arqui.web.BaseDeDatos.main(BaseDeDatos.java:45)
Caused by: ERROR XJ041: Failed to create database 'MyDerbyDb', see the next exception for details.
	at org.apache.derby.shared.common.error.StandardException.newException(StandardException.java:300)
	at org.apache.derby.impl.jdbc.SQLExceptionFactory.wrapArgsForTransportAcrossDRDA(SQLExceptionFactory.java:170)
	at org.apache.derby.impl.jdbc.SQLExceptionFactory.getSQLException(SQLExceptionFactory.java:75)
	... 14 more
Caused by: ERROR XBM0A: The database directory '/home/federico/eclipse-workspace/JDBCBasico/MyDerbyDb' exists. However, it does not contain the expected 'service.properties' file. Perhaps Derby was brought down in the middle of creating this database. You may want to delete this directory and try creating the database again.
	at org.apache.derby.shared.common.error.StandardException.newException(StandardException.java:300)
	at org.apache.derby.shared.common.error.StandardException.newException(StandardException.java:295)
	at org.apache.derby.impl.services.monitor.StorageFactoryService.vetService(StorageFactoryService.java:879)
	at org.apache.derby.impl.services.monitor.StorageFactoryService.access$900(StorageFactoryService.java:73)
	at org.apache.derby.impl.services.monitor.StorageFactoryService$10.run(StorageFactoryService.java:821)
	at java.base/java.security.AccessController.doPrivileged(Native Method)
	at org.apache.derby.impl.services.monitor.StorageFactoryService.createServiceRoot(StorageFactoryService.java:798)
	at org.apache.derby.impl.services.monitor.BaseMonitor.bootService(BaseMonitor.java:1754)
	at org.apache.derby.impl.services.monitor.BaseMonitor.createPersistentService(BaseMonitor.java:1022)
	at org.apache.derby.impl.services.monitor.FileMonitor.createPersistentService(FileMonitor.java:48)
	at org.apache.derby.iapi.services.monitor.Monitor.createPersistentService(Monitor.java:650)
	at org.apache.derby.impl.jdbc.EmbedConnection$5.run(EmbedConnection.java:4067)
	at java.base/java.security.AccessController.doPrivileged(Native Method)
	at org.apache.derby.impl.jdbc.EmbedConnection.createPersistentService(EmbedConnection.java:4061)
	at org.apache.derby.impl.jdbc.EmbedConnection.createDatabase(EmbedConnection.java:2654)
	... 11 more
============= begin nested exception, level (1) ===========
java.sql.SQLException: The database directory '/home/federico/eclipse-workspace/JDBCBasico/MyDerbyDb' exists. However, it does not contain the expected 'service.properties' file. Perhaps Derby was brought down in the middle of creating this database. You may want to delete this directory and try creating the database again.
	at org.apache.derby.impl.jdbc.SQLExceptionFactory.getSQLException(SQLExceptionFactory.java:115)
	at org.apache.derby.impl.jdbc.Util.generateCsSQLException(Util.java:230)
	at org.apache.derby.impl.jdbc.TransactionResourceImpl.wrapInSQLException(TransactionResourceImpl.java:431)
	at org.apache.derby.impl.jdbc.TransactionResourceImpl.handleException(TransactionResourceImpl.java:360)
	at org.apache.derby.impl.jdbc.EmbedConnection.handleException(EmbedConnection.java:2405)
	at org.apache.derby.impl.jdbc.EmbedConnection.createDatabase(EmbedConnection.java:2662)
	at org.apache.derby.impl.jdbc.EmbedConnection.<init>(EmbedConnection.java:435)
	at org.apache.derby.iapi.jdbc.InternalDriver$1.run(InternalDriver.java:660)
	at org.apache.derby.iapi.jdbc.InternalDriver$1.run(InternalDriver.java:656)
	at java.base/java.security.AccessController.doPrivileged(Native Method)
	at org.apache.derby.iapi.jdbc.InternalDriver.getNewEmbedConnection(InternalDriver.java:654)
	at org.apache.derby.iapi.jdbc.InternalDriver.connect(InternalDriver.java:300)
	at org.apache.derby.iapi.jdbc.InternalDriver.connect(InternalDriver.java:967)
	at org.apache.derby.iapi.jdbc.AutoloadedDriver.connect(AutoloadedDriver.java:136)
	at java.sql/java.sql.DriverManager.getConnection(DriverManager.java:677)
	at java.sql/java.sql.DriverManager.getConnection(DriverManager.java:251)
	at arqui.web.BaseDeDatos.main(BaseDeDatos.java:45)
Caused by: ERROR XBM0A: The database directory '/home/federico/eclipse-workspace/JDBCBasico/MyDerbyDb' exists. However, it does not contain the expected 'service.properties' file. Perhaps Derby was brought down in the middle of creating this database. You may want to delete this directory and try creating the database again.
	at org.apache.derby.shared.common.error.StandardException.newException(StandardException.java:300)
	at org.apache.derby.shared.common.error.StandardException.newException(StandardException.java:295)
	at org.apache.derby.impl.services.monitor.StorageFactoryService.vetService(StorageFactoryService.java:879)
	at org.apache.derby.impl.services.monitor.StorageFactoryService.access$900(StorageFactoryService.java:73)
	at org.apache.derby.impl.services.monitor.StorageFactoryService$10.run(StorageFactoryService.java:821)
	at java.base/java.security.AccessController.doPrivileged(Native Method)
	at org.apache.derby.impl.services.monitor.StorageFactoryService.createServiceRoot(StorageFactoryService.java:798)
	at org.apache.derby.impl.services.monitor.BaseMonitor.bootService(BaseMonitor.java:1754)
	at org.apache.derby.impl.services.monitor.BaseMonitor.createPersistentService(BaseMonitor.java:1022)
	at org.apache.derby.impl.services.monitor.FileMonitor.createPersistentService(FileMonitor.java:48)
	at org.apache.derby.iapi.services.monitor.Monitor.createPersistentService(Monitor.java:650)
	at org.apache.derby.impl.jdbc.EmbedConnection$5.run(EmbedConnection.java:4067)
	at java.base/java.security.AccessController.doPrivileged(Native Method)
	at org.apache.derby.impl.jdbc.EmbedConnection.createPersistentService(EmbedConnection.java:4061)
	at org.apache.derby.impl.jdbc.EmbedConnection.createDatabase(EmbedConnection.java:2654)
	... 11 more
============= end nested exception, level (1) ===========
============= begin nested exception, level (2) ===========
ERROR XBM0A: The database directory '/home/federico/eclipse-workspace/JDBCBasico/MyDerbyDb' exists. However, it does not contain the expected 'service.properties' file. Perhaps Derby was brought down in the middle of creating this database. You may want to delete this directory and try creating the database again.
	at org.apache.derby.shared.common.error.StandardException.newException(StandardException.java:300)
	at org.apache.derby.shared.common.error.StandardException.newException(StandardException.java:295)
	at org.apache.derby.impl.services.monitor.StorageFactoryService.vetService(StorageFactoryService.java:879)
	at org.apache.derby.impl.services.monitor.StorageFactoryService.access$900(StorageFactoryService.java:73)
	at org.apache.derby.impl.services.monitor.StorageFactoryService$10.run(StorageFactoryService.java:821)
	at java.base/java.security.AccessController.doPrivileged(Native Method)
	at org.apache.derby.impl.services.monitor.StorageFactoryService.createServiceRoot(StorageFactoryService.java:798)
	at org.apache.derby.impl.services.monitor.BaseMonitor.bootService(BaseMonitor.java:1754)
	at org.apache.derby.impl.services.monitor.BaseMonitor.createPersistentService(BaseMonitor.java:1022)
	at org.apache.derby.impl.services.monitor.FileMonitor.createPersistentService(FileMonitor.java:48)
	at org.apache.derby.iapi.services.monitor.Monitor.createPersistentService(Monitor.java:650)
	at org.apache.derby.impl.jdbc.EmbedConnection$5.run(EmbedConnection.java:4067)
	at java.base/java.security.AccessController.doPrivileged(Native Method)
	at org.apache.derby.impl.jdbc.EmbedConnection.createPersistentService(EmbedConnection.java:4061)
	at org.apache.derby.impl.jdbc.EmbedConnection.createDatabase(EmbedConnection.java:2654)
	at org.apache.derby.impl.jdbc.EmbedConnection.<init>(EmbedConnection.java:435)
	at org.apache.derby.iapi.jdbc.InternalDriver$1.run(InternalDriver.java:660)
	at org.apache.derby.iapi.jdbc.InternalDriver$1.run(InternalDriver.java:656)
	at java.base/java.security.AccessController.doPrivileged(Native Method)
	at org.apache.derby.iapi.jdbc.InternalDriver.getNewEmbedConnection(InternalDriver.java:654)
	at org.apache.derby.iapi.jdbc.InternalDriver.connect(InternalDriver.java:300)
	at org.apache.derby.iapi.jdbc.InternalDriver.connect(InternalDriver.java:967)
	at org.apache.derby.iapi.jdbc.AutoloadedDriver.connect(AutoloadedDriver.java:136)
	at java.sql/java.sql.DriverManager.getConnection(DriverManager.java:677)
	at java.sql/java.sql.DriverManager.getConnection(DriverManager.java:251)
	at arqui.web.BaseDeDatos.main(BaseDeDatos.java:45)
============= end nested exception, level (2) ===========
Cleanup action completed
